0:100  0:100  MemLog inited, TSC freq: 2495421220
0:100  0:000  CPU was calibrated without ACPI PM Timer: ACPI I/O space is not enabled., use RTC
0:100  0:000  
0:100  0:000  Now is 10.7.2019,  9:26:19 (GMT)
0:100  0:000  Starting Clover revision: 4220 on INSYDE Corp. EFI
0:100  0:000  Build with: [Args: -D NO_GRUB_DRIVERS_EMBEDDED | -D NO_GRUB_DRIVERS_EMBEDDED -D USE_LOW_EBDA -a X64 -b RELEASE -t XCODE5 -n 5 | OS: 10.12.6 | XCODE: 8.3.3]
0:100  0:000  SelfDevicePath=PciRoot(0x0)\Pci(0x1D,0x0)\Pci(0x0,0x0)\NVMe(0x1,7C-42-B6-71-B2-38-25-00)\HD(6,GPT,C294BAFD-87F8-4C28-AB6F-A142E7CC99E5,0xC88A000,0xC8000) @6A987E58
0:100  0:000  SelfDirPath = \EFI\CLOVER
0:100  0:000  === [ Get Smbios ] ========================================
0:100  0:000  Type 16 Index = 0
0:100  0:000  Total Memory Slots Count = 2
0:100  0:000  Type 17 Index = 0
0:100  0:000  SmbiosTable.Type17->Speed = 2133MHz
0:100  0:000  SmbiosTable.Type17->Size = 8192MB
0:100  0:000  SmbiosTable.Type17->Bank/Device = BANK 0 ChannelA-DIMM0
0:100  0:000  SmbiosTable.Type17->Vendor = 0867
0:100  0:000  SmbiosTable.Type17->SerialNumber = 821047EA
0:100  0:000  SmbiosTable.Type17->PartNumber = MG8ATF1G64HZ-2G1A1  
0:100  0:000  Type 17 Index = 1
0:100  0:000  Ignoring insane frequency value 0MHz
0:100  0:000  SmbiosTable.Type17->Speed = 0MHz
0:100  0:000  SmbiosTable.Type17->Size = 0MB
0:100  0:000  SmbiosTable.Type17->Bank/Device = BANK 1 ChannelA-DIMM1
0:100  0:000  SmbiosTable.Type17->Vendor = <null string>
0:100  0:000  SmbiosTable.Type17->SerialNumber = <null string>
0:100  0:000  SmbiosTable.Type17->PartNumber = <null string>
0:100  0:000  Boot status=0
0:100  0:000  Running on: '80Y5' with board 'Provence-5R5'
0:100  0:000  === [ GetCPUProperties ] ==================================
0:100  0:000  CPU Vendor = 756E6547 Model=906E9
0:100  0:000   The CPU supported SSE4.1
0:100  0:000   The CPU supported turbo
0:100  0:000  BrandString = Intel(R) Core(TM) i5-7300HQ CPU @ 2.50GHz
0:100  0:000   TSC/CCC Information Leaf:
0:100  0:000    numerator     : 208
0:100  0:000    denominator   : 2
0:100  0:000   Calibrated ARTFrequency: 23994434
0:100  0:000  MSR 0xE2 before patch 1E000006
0:100  0:000  MSR 0xCE              0008083B_F1011900
0:100  0:000  MSR 0x1A0             00850089
0:100  0:000  corrected FLEX_RATIO = 0
0:100  0:000  FSBFrequency = 96 MHz, DMI FSBFrequency = 100 MHz, Corrected FSBFrequency = 100 MHz
0:100  0:000  MaxDiv/MinDiv: 25.0/8
0:100  0:000  Turbo: 31/32/33/35
0:100  0:000  Features: 0xBFEBFBFF
0:100  0:000  Threads: 4
0:100  0:000  Cores: 4
0:100  0:000  FSB: 100 MHz
0:100  0:000  CPU: 2400 MHz
0:100  0:000  TSC: 2400 MHz
0:100  0:000  PIS: 100 MHz
0:100  0:000  ExternalClock: 25 MHz
0:100  0:000  === [ GetDevices ] ========================================
0:100  0:000  PCI (00|00:00.00) : 8086 5910 class=060000
0:100  0:000  PCI (00|00:01.00) : 8086 1901 class=060400
0:100  0:000  PCI (00|01:00.00) : 10DE 1C8C class=030200
0:100  0:000  PCI (00|00:02.00) : 8086 591B class=030000
0:100  0:000   - GFX: Model=Intel HD Graphics 630 (Intel)
0:100  0:000  PCI (00|00:14.00) : 8086 A12F class=0C0330
0:100  0:000  PCI (00|00:14.02) : 8086 A131 class=118000
0:100  0:000  PCI (00|00:16.00) : 8086 A13A class=078000
0:100  0:000  PCI (00|00:17.00) : 8086 A103 class=010601
0:100  0:000  PCI (00|00:1C.00) : 8086 A111 class=060400
0:102  0:001  PCI (00|02:00.00) : 1217 8621 class=080501
0:102  0:000  PCI (00|00:1C.02) : 8086 A112 class=060400
0:102  0:000  PCI (00|03:00.00) : 10EC 8821 class=028000
0:102  0:000   - WIFI: Vendor=Realtek
0:102  0:000  PCI (00|00:1C.03) : 8086 A113 class=060400
0:102  0:000  PCI (00|04:00.00) : 10EC 8168 class=020000
0:102  0:000   - LAN: 0 Vendor=Realtek
0:102  0:000  PCI (00|00:1D.00) : 8086 A118 class=060400
0:102  0:000  PCI (00|05:00.00) : 144D A804 class=010802
0:102  0:000  PCI (00|00:1F.00) : 8086 A152 class=060100
0:102  0:000  PCI (00|00:1F.02) : 8086 A121 class=058000
0:102  0:000  PCI (00|00:1F.03) : 8086 A171 class=040300
0:102  0:000  PCI (00|00:1F.04) : 8086 A123 class=0C0500
0:102  0:000  === [ GetDefaultSettings ] ================================
0:102  0:000  Clover load options size = 0 bytes
0:105  0:002  EFI\CLOVER\config.plist loaded: Success
0:105  0:000  === [ GetListOfThemes ] ===================================
0:105  0:000  - [00]: SimpleThemeDark
0:106  0:000  - [01]: bluemac
0:107  0:000  === [ Found config plists ] ===============================
0:107  0:000  - config„o,.plist
0:107  0:000  - config.plist
0:107  0:000  === [ GetEarlyUserSettings ] ==============================
0:107  0:000  timeout set to 5
0:107  0:000  Custom boot CUSTOM_BOOT_APPLE (0x0)
0:107  0:000  ForceKextsToLoad: 1 requested
0:107  0:000   - [0]: System\Library\Extensions\IONetworkingFamily.kext
0:107  0:000  KextsToPatch: 2 requested
0:107  0:000   - [00]: com.apple.driver.AppleIntelKBLGraphicsFramebuffer (0x59160000, 32MB BIOS, 19MB framebuffer 9MB cursor bytes (credit RehabMan)) :: BinPatch :: data len: 8
0:107  0:000   - [01]: com.apple.driver.AppleIntelKBLGraphicsFramebuffer (0x59160000, 0105 instead of 0306, HDMI) :: BinPatch :: data len: 36
0:107  0:000   - patch disabled at config
0:107  0:000  KernelToPatch: 1 requested
0:107  0:000   - [00]: MSR 0xE2 _xcpm_idle instant reboot(c) Pike R. Alpha :: data len: 8
0:107  0:000  Default theme: SimpleThemeDark
0:107  0:000  ** Warning: unknown custom entry Type 'Other'
0:107  0:000  === [ LoadDrivers ] =======================================
0:107  0:000  Loading apfs.efi  status=Success
0:113  0:005   - driver needs connecting
0:113  0:000  Loading AppleImageCodec-64.efi  status=Success
0:116  0:002  Loading AppleKeyAggregator-64.efi  status=Success
0:118  0:002  Loading AppleUITheme-64.efi  status=Success
0:120  0:002  Loading CsmVideoDxe-64.efi  status=Success
0:123  0:002   - driver needs connecting
0:123  0:000  Loading DataHubDxe-64.efi  status=Success
0:125  0:002  Loading EmuVariableUefi-64.efi  status=Success
0:128  0:002  EmuVariableUefi Initialize: VariableCommonInitialize = Success, orig services stored, install gEmuVariableControlProtocolGuid = Success
0:128  0:000  Loading Fat-64.efi  status=Success
0:130  0:002   - driver needs connecting
0:130  0:000  Loading FirmwareVolume-64.efi  status=Success
0:133  0:002  Loading FSInject-64.efi  status=Success
0:135  0:002  Loading HFSPlus.efi  status=Success
0:137  0:002   - driver needs connecting
0:137  0:000  Loading NTFS.efi  status=Success
0:141  0:003   - driver needs connecting
0:141  0:000  Loading OsxAptioFix2Drv-64.efi  status=Success
0:143  0:002  Loading OsxFatBinaryDrv-64.efi  status=Success
0:146  0:002  Loading PartitionDxe-64.efi  status=Success
0:148  0:002   - driver needs connecting
0:148  0:000  Loading SMCHelper-64.efi  status=Success
0:151  0:002  6 drivers needs connecting ...
0:151  0:000  PlatformDriverOverrideProtocol->GetDriver overriden
0:151  0:000  Partition driver loaded: 
0:151  0:000  HFS+ driver loaded
0:151  0:000  APFS driver loaded
0:151  0:000  Video driver loaded: disconnect Success
0:417  0:266  Searching for invalid DiskIo BY_DRIVER connects: not found, all ok
3:270  2:853  EmuVariable InstallEmulation: orig vars copied, emu.var.services installed, CreateEvent VirtualAddressChange = Success, CreateEvent ExitBootServices = Success, set Status=Success
3:311  0:040  === [ InitScreen ] ========================================
3:311  0:000  SetScreenResolution: 1920x1080 - already set
3:311  0:000  Console modes reported: 7, available modes:
3:311  0:000   - [01]: 80x25
3:311  0:000   - [02]: 80x50
3:311  0:000   - [03]: 80x25
3:311  0:000   - [04]: 240x56 (current mode)
3:311  0:000   - [05]: 100x31
3:311  0:000   - [06]: 128x40
3:311  0:000   - [07]: 160x53
3:311  0:000  SetScreenResolution: 1920x1080 - already set
3:311  0:000  reinit: self device path=PciRoot(0x0)\Pci(0x1D,0x0)\Pci(0x0,0x0)\NVMe(0x1,7C-42-B6-71-B2-38-25-00)\HD(6,GPT,C294BAFD-87F8-4C28-AB6F-A142E7CC99E5,0xC88A000,0xC8000)
3:312  0:000  Using embedded font: Success
3:313  0:000  === [ GetMacAddress ] =====================================
3:313  0:000  === [ ScanSPD ] ===========================================
3:315  0:001  SMBus device : 8086 A123 class=0C0500 status=Success
3:315  0:000  SMBus CmdReg: 0x3
3:315  0:000  Scanning SMBus [8086:A123], mmio: 0xA442D004, ioport: 0x6040, hostc: 0x11
3:315  0:000  Slots to scan [8]...
3:315  0:000  SPD[0]: Type 12 @0x50
3:333  0:017  Unknown vendor bank=0x08 code=0x67
3:333  0:000  Not using XMP because it is not present
3:333  0:000  DDR speed 2134MHz
3:333  0:000  Slot: 0 Type 26 8192MB 2134MHz Vendor=NoName PartNo=MG8ATF1G64HZ-2G1A1 SerialNo=0802010004070E0A
3:334  0:000  SPD[2]: Type 12 @0x52
3:352  0:017  Unknown vendor bank=0x08 code=0x67
3:352  0:000  Not using XMP because it is not present
3:352  0:000  DDR speed 2134MHz
3:352  0:000  Slot: 2 Type 26 8192MB 2134MHz Vendor=NoName PartNo=MG8ATF1G64HZ-2G1A1 SerialNo=0802010004070E0D
3:352  0:000  === [ GetAcpiTablesList ] =================================
3:352  0:000  Get Acpi Tables List from RSDT:
3:352  0:000   - [00]: FACP  CB-01    len=268
3:352  0:000   - [01]: UEFI  CB-01    len=566
3:352  0:000   - [02]: UEFI  CB-01    len=66
3:352  0:000   - [03]: MSDM  CB-01    len=85
3:352  0:000   - [04]: SSDT  CB-01    len=1224
3:352  0:000   - [05]: SSDT  CB-01    len=70
3:352  0:000   - [06]: TPM2  CB-01    len=52
3:352  0:000   - [07]: SSDT  CB-01    len=12448
3:352  0:000   - [08]: ASF!  CB-01    len=165
3:352  0:000   - [09]: ASPT  CB-01    len=52
3:352  0:000   - [10]: BOOT  CB-01    len=40
3:352  0:000   - [11]: DBGP  CB-01    len=52
3:352  0:000   - [12]: HPET  CB-01    len=56
3:352  0:000   - [13]: APIC  CB-01    len=188
3:352  0:000   - [14]: MCFG  CB-01    len=60
3:352  0:000   - [15]: LPIT  CB-01    len=148
3:352  0:000   - [16]: WSMT  CB-01    len=40
3:352  0:000   - [17]: SSDT  CB-01    len=671
3:352  0:000   - [18]: SSDT  CB-01    len=838
3:352  0:000   - [19]: SSDT  CB-01    len=12290
3:352  0:000   - [20]: SSDT  CB-01    len=1310
3:352  0:000   - [21]: DBGP  CB-01    len=52
3:352  0:000   - [22]: DBG2  CB-01    len=84
3:352  0:000   - [23]: SSDT  CB-01    len=687
3:352  0:000   - [24]: SSDT  CB-01    len=3806
3:352  0:000   - [25]: SSDT  CB-01    len=18814
3:352  0:000   - [26]: DMAR  CB-01    len=168
3:352  0:000   - [27]: FPDT  CB-01    len=68
3:352  0:000   - [28]: BGRT  CB-01    len=56
3:352  0:000  Calibrated TSC Frequency = 2495421220 = 2495MHz
3:353  0:000  === [ GetUserSettings ] ===================================
3:353  0:000  USB FixOwnership: yes
3:353  0:000  Dropping 3 tables:
3:353  0:000   - [00]: Drop table  signature="#MCF" (46434D23)
3:353  0:000           - set table: 46434D23,                0 to drop: no
3:353  0:000   - [01]: Drop table  signature="DMAR" (52414D44)
3:353  0:000           - set table: 52414D44,                0 to drop: yes
3:353  0:000   - [02]: Drop table  signature="SSDT" (54445353) table-id="xh_rvp10" (30317076725F6878)
3:353  0:000           - set table: 54445353, 30317076725F6878 to drop: no
3:353  0:000   - final DSDT Fix mask=00000000
3:353  0:000  PatchesDSDT: 12 requested
3:353  0:000   - [00]: (change OSID to XSID (to avoid match against _OSI XOSI patch)) lenToFind: 4, lenToReplace: 4
3:353  0:000    patch disabled at config
3:353  0:000   - [01]: (change _OSI to XOSI) lenToFind: 4, lenToReplace: 4
3:353  0:000    patch disabled at config
3:353  0:000   - [02]: (change _DSM to XDSM) lenToFind: 4, lenToReplace: 4
3:353  0:000    patch disabled at config
3:353  0:000   - [03]: (change EC0 to EC) lenToFind: 4, lenToReplace: 4
3:353  0:000    patch disabled at config
3:353  0:000   - [04]: (change H_EC to EC) lenToFind: 4, lenToReplace: 4
3:353  0:000    patch disabled at config
3:353  0:000   - [05]: (change ECDV to EC) lenToFind: 4, lenToReplace: 4
3:353  0:000    patch disabled at config
3:353  0:000   - [06]: (change HDAS to HDEF) lenToFind: 4, lenToReplace: 4
3:353  0:000   - [07]: (change HECI to IMEI) lenToFind: 4, lenToReplace: 4
3:353  0:000   - [08]: (change MEI to IMEI) lenToFind: 4, lenToReplace: 4
3:353  0:000   - [09]: (change GFX0 to IGPU) lenToFind: 4, lenToReplace: 4
3:353  0:000   - [10]: (change PCI0.VID to IGPU #1 (Thinkpad)) lenToFind: 8, lenToReplace: 8
3:353  0:000   - [11]: (change PCI0.VID to IGPU #2 (Thinkpad)) lenToFind: 14, lenToReplace: 14
3:353  0:000  PluginType: 1
3:353  0:000  Using ProductName from config
3:353  0:000  ProductName: Macbook Pro
3:353  0:000  BiosVersion: not set, Using BiosVersion from clover
3:353  0:000  BiosVersion: IM131.88Z.010F.B00.1708080805
3:353  0:000  BiosReleaseDate: 08/08/2017
3:353  0:000  Using FirmwareFeatures from clover
3:353  0:000  FirmwareFeatures: 0xE00DE137
3:353  0:000  Using FirmwareFeaturesMask from clover
3:353  0:000  FirmwareFeaturesMask: 0xFF1FFF3F
3:353  0:000  Using PlatformFeature from clover
3:353  0:000  PlatformFeature: 0x1
3:353  0:000  Converted CustomUUID 83DD7414-B66A-5D66-86AD-3238EAA35323
3:354  0:000  === [ ScanVolumes ] =======================================
3:354  0:000  Found 22 volumes with blockIO
3:354  0:000  - [00]: Volume: PciRoot(0x0)\Pci(0x17,0x0)\Sata(0x2,0x0,0x0)
3:354  0:000  - [01]: Volume: PciRoot(0x0)\Pci(0x17,0x0)\Sata(0x2,0x0,0x0)\HD(1,GPT,F8580F95-6ED5-436D-B322-9512AFB087CE,0x800,0xC800800)
3:354  0:000          Result of bootcode detection: bootable Windows (vista,win)
3:354  0:000  - [02]: Volume: PciRoot(0x0)\Pci(0x17,0x0)\Sata(0x2,0x0,0x0)\HD(2,GPT,1A5D93BB-C1CD-446A-ACDD-D7FF36447F8A,0xC801000,0x33FBC000)
3:354  0:000          Result of bootcode detection: bootable Windows (vista,win)
3:354  0:000  - [03]: Volume: PciRoot(0x0)\Pci(0x17,0x0)\Sata(0x2,0x0,0x0)\HD(3,GPT,5704CBEA-6324-46DD-9551-FAD9167AF88E,0x407BD000,0x96000)
3:354  0:000          Result of bootcode detection: bootable Windows (win)
3:354  0:000  - [04]: Volume: PciRoot(0x0)\Pci(0x17,0x0)\Sata(0x2,0x0,0x0)\HD(4,GPT,4154CED6-8905-48BA-91D2-F95A26BFCE7C,0x40853000,0x96000)
3:354  0:000          Result of bootcode detection: bootable Windows (win)
3:357  0:003  - [05]: Volume: PciRoot(0x0)\Pci(0x17,0x0)\Sata(0x2,0x0,0x0)\HD(5,GPT,B6A49946-97CD-43F8-9B2B-0CB4CBC21845,0x408E9000,0x40000)
3:357  0:000  - [06]: Volume: PciRoot(0x0)\Pci(0x17,0x0)\Sata(0x2,0x0,0x0)\HD(6,GPT,DF304C91-BF50-4755-9787-1C6AFCBA0249,0x40929000,0xA698000)
3:358  0:000          Result of bootcode detection: bootable unknown (legacy)
3:358  0:000  - [07]: Volume: PciRoot(0x0)\Pci(0x17,0x0)\Sata(0x2,0x0,0x0)\HD(7,GPT,8B0C2BFA-A062-4CAD-AFF7-B79E564C96BC,0x4B001000,0xC800000)
3:358  0:000          Result of bootcode detection: bootable Windows (vista,win)
3:358  0:000  - [08]: Volume: PciRoot(0x0)\Pci(0x17,0x0)\Sata(0x2,0x0,0x0)\HD(8,GPT,5F6997BE-6F40-45E8-82DA-8A61B867D950,0x57801000,0x75A7800)
3:358  0:000          Result of bootcode detection: bootable Windows (vista,win)
3:358  0:000  - [09]: Volume: PciRoot(0x0)\Pci(0x17,0x0)\Sata(0x2,0x0,0x0)\HD(9,GPT,1A829567-CB48-4244-95A9-1E779D185BA2,0x5EDA9000,0x1595D000)
3:358  0:000          Result of bootcode detection: bootable Windows (vista,win)
3:358  0:000  - [10]: Volume: PciRoot(0x0)\Pci(0x1D,0x0)\Pci(0x0,0x0)\NVMe(0x1,7C-42-B6-71-B2-38-25-00)
3:358  0:000  - [11]: Volume: PciRoot(0x0)\Pci(0x1D,0x0)\Pci(0x0,0x0)\NVMe(0x1,7C-42-B6-71-B2-38-25-00)\HD(1,GPT,616B8516-38E2-4B87-9B79-EDAE97809075,0x28,0x4B000)
3:358  0:000          Result of bootcode detection: bootable Windows (vista,win)
3:358  0:000  - [12]: Volume: PciRoot(0x0)\Pci(0x1D,0x0)\Pci(0x0,0x0)\NVMe(0x1,7C-42-B6-71-B2-38-25-00)\HD(2,GPT,2FC8DF83-1288-4D87-83D4-E9351D0CA559,0x4B028,0xC87D8)
3:359  0:000          Result of bootcode detection: bootable Windows (vista,win)
3:359  0:000  - [13]: Volume: PciRoot(0x0)\Pci(0x1D,0x0)\Pci(0x0,0x0)\NVMe(0x1,7C-42-B6-71-B2-38-25-00)\HD(3,GPT,362F9035-0623-4936-9F09-8E7AC3BEE2D3,0x113800,0x8000)
3:359  0:000  - [14]: Volume: PciRoot(0x0)\Pci(0x1D,0x0)\Pci(0x0,0x0)\NVMe(0x1,7C-42-B6-71-B2-38-25-00)\HD(4,GPT,05D6130D-CA3D-4E2E-A3AA-B36EB6AAA623,0x11B800,0xC5A4BB7)
3:359  0:000          Result of bootcode detection: bootable Windows (vista,win)
3:359  0:000  - [15]: Volume: PciRoot(0x0)\Pci(0x1D,0x0)\Pci(0x0,0x0)\NVMe(0x1,7C-42-B6-71-B2-38-25-00)\HD(5,GPT,EFBB3243-60D7-4099-8059-FDC069DF87AB,0xC6C0800,0x1C9800)
3:359  0:000          Result of bootcode detection: bootable Windows (vista,win)
3:359  0:000  - [16]: Volume: PciRoot(0x0)\Pci(0x1D,0x0)\Pci(0x0,0x0)\NVMe(0x1,7C-42-B6-71-B2-38-25-00)\HD(6,GPT,C294BAFD-87F8-4C28-AB6F-A142E7CC99E5,0xC88A000,0xC8000)
3:359  0:000          Result of bootcode detection: bootable Windows (win)
3:360  0:000          This is SelfVolume !!
3:360  0:000  - [17]: Volume: PciRoot(0x0)\Pci(0x1D,0x0)\Pci(0x0,0x0)\NVMe(0x1,7C-42-B6-71-B2-38-25-00)\HD(7,GPT,B57B39BD-03AB-4DBC-4025-0016CE7FD41C,0xC952000,0x113A1000)
3:360  0:000  - [18]: Volume: PciRoot(0x0)\Pci(0x17,0x0)\Sata(0x2,0x0,0x0)\HD(6,GPT,DF304C91-BF50-4755-9787-1C6AFCBA0249,0x40929000,0xA698000)\VenMedia(BE74FCF7-0B7C-49F3-9147-01F4042E6842,0361D8223315E747B2C5DE08BC2B9511)
3:360  0:000  - [19]: Volume: PciRoot(0x0)\Pci(0x17,0x0)\Sata(0x2,0x0,0x0)\HD(6,GPT,DF304C91-BF50-4755-9787-1C6AFCBA0249,0x40929000,0xA698000)\VenMedia(BE74FCF7-0B7C-49F3-9147-01F4042E6842,0CEBA23D7B2E7340B3B2C9C1502CD42E)
3:360  0:000  - [20]: Volume: PciRoot(0x0)\Pci(0x17,0x0)\Sata(0x2,0x0,0x0)\HD(6,GPT,DF304C91-BF50-4755-9787-1C6AFCBA0249,0x40929000,0xA698000)\VenMedia(BE74FCF7-0B7C-49F3-9147-01F4042E6842,6CF3297965FE90439008AB692B559364)
3:360  0:000  - [21]: Volume: PciRoot(0x0)\Pci(0x17,0x0)\Sata(0x2,0x0,0x0)\HD(6,GPT,DF304C91-BF50-4755-9787-1C6AFCBA0249,0x40929000,0xA698000)\VenMedia(BE74FCF7-0B7C-49F3-9147-01F4042E6842,AC59D7E1BADCCC499921054E154885F6)
3:446  0:086  PutNvramPlistToRtVars: nvram.plist not found
3:446  0:000  === [ InitTheme ] =========================================
3:447  0:000  Using theme 'SimpleThemeDark' (EFI\CLOVER\themes\SimpleThemeDark)
3:447  0:000  OS main and drive as badge
3:449  0:002  Loading font from ThemeDir: Success
3:449  0:000  Choosing theme SimpleThemeDark
3:449  0:000  after NVRAM boot-args=dart=0 nv_disable=1 kext-dev-mode=1 -alcoff -disablegfxfirmware
3:449  0:000  === [ Dump SMC keys from NVRAM ] ==========================
3:449  0:000  found AppleSMC protocol
3:450  0:000  === [ AddCustomEntries ] ==================================
3:450  0:000  Custom entry 0 skipped because it is disabled.
3:450  0:000  === [ ScanLoader ] ========================================
3:450  0:000  - [01]: 'code'
3:466  0:016  - [02]: 'games'
3:504  0:038  - [03]: 'MACEFI'
3:517  0:012  - [04]: 'EFI'
3:529  0:012  - [07]: 'other'
3:578  0:049  - [08]: 'share'
3:599  0:020  - [09]: 'none'
3:614  0:015  - [11]: 'b'
3:630  0:015  - [12]: 'EFI'
3:631  0:000          AddLoaderEntry for Volume Name=EFI
3:631  0:000      Not match custom entry 0: Type: not match
3:632  0:001  not png, try icns
3:646  0:014  - [14]: ''
3:663  0:016  - [15]: ''
3:679  0:016  - [16]: 'FAT32'
3:693  0:014  - [17]: 'macOS'
3:694  0:001          AddLoaderEntry for Volume Name=macOS
3:694  0:000      Not match custom entry 0: Type: not match
3:695  0:000      hibernated: set as never
3:696  0:001  not png, try icns
3:735  0:039  - [18]: 'Preboot'
3:749  0:013  - [19]: 'maciU'
3:761  0:012  - [20]: 'Recovery'
3:774  0:012  - [21]: 'VM'
3:787  0:012  === [ AddCustomTool ] =====================================
3:788  0:001  found tool \EFI\CLOVER\tools\Shell64U.efi
3:788  0:000  Checking EFI partition Volume 4 for Clover
3:788  0:000  Checking EFI partition Volume 12 for Clover
3:790  0:002  EmuVariable InstallEmulation: EFI_ALREADY_STARTED
3:790  0:000  === [ GetEfiBootDeviceFromNvram ] =========================
3:790  0:000  Default boot entry not found
3:790  0:000  EmuVariable UninstallEmulation: CloseEvent = Success, original var services restored
3:790  0:000  DefaultIndex=-1 and MainMenu.EntryCount=7
3:878  0:088  GUI ready
29:614  25:736  Boot option Boot0000 not found
29:614  0:000  === [ StartLoader ] =======================================
29:614  0:000  Finally: ExternalClock=24MHz BusSpeed=99816kHz CPUFreq=2495MHz PIS: hw.busfrequency=96000000Hz
29:614  0:000  Loading boot.efi  status=Success
29:674  0:059  GetOSVersion: 10.13.6 (17G65)
29:674  0:000  CSR_CFG: CSR_ALLOW_UNTRUSTED_KEXTS | CSR_ALLOW_UNRESTRICTED_FS | CSR_ALLOW_TASK_FOR_PID | CSR_ALLOW_UNRESTRICTED_DTRACE | CSR_ALLOW_UNRESTRICTED_NVRAM
29:674  0:000  Filtering KextPatches:
29:674  0:000   - [00]: com.apple.driver.AppleIntelKBLGraphicsFramebuffer (0x59160000, 32MB BIOS, 19MB framebuffer 9MB cursor bytes (credit RehabMan)) :: BinPatch :: [OS: 10.13.6 | MatchOS: All | MatchBuild: All] ==> allowed
29:674  0:000   - [01]: com.apple.driver.AppleIntelKBLGraphicsFramebuffer (0x59160000, 0105 instead of 0306, HDMI) :: BinPatch :: [OS: 10.13.6 | MatchOS: All | MatchBuild: All] ==> disabled by user
29:674  0:000  Filtering KernelPatches:
29:674  0:000   - [00]: MSR 0xE2 _xcpm_idle instant reboot(c) Pike R. Alpha :: [OS: 10.13.6 | MatchOS: All | MatchBuild: no] ==> allowed by OS
29:674  0:000  EmuVariable InstallEmulation: orig vars copied, emu.var.services installed, CreateEvent VirtualAddressChange = Success, CreateEvent ExitBootServices = Success, set Status=Success
29:715  0:040  === [ PatchSmbios ] =======================================
29:715  0:000  insert table 9 for dev 0:0
29:715  0:000  insert table 9 for dev 0:0
29:716  0:000  Not trusting SMBIOS because SPD reports more modules...
29:716  0:000  Channels: 2
29:716  0:000  Interleave: 0 2 1 3 4 6 5 7 8 10 9 11 12 14 13 15 16 18 17 19 20 22 21 23
29:716  0:000  SMBIOS Type 17 Index = 0 => 0 0:
29:716  0:000  BANK 0 DIMM0 2134MHz 8192MB
29:716  0:000  SMBIOS Type 17 Index = 1 => 2 2:
29:716  0:000  BANK 1 DIMM0 2134MHz 8192MB
29:716  0:000  mTotalSystemMemory = 16384
29:716  0:000  NumberOfMemoryDevices = 2
29:716  0:000  Type20[0]->End = 0x7FFFFF, Type17[0] = 0x2000
29:716  0:000  Type20[1]->End = 0x7FFFFF, Type17[1] = 0x6000
29:716  0:000  Table 131 is present, CPUType=31
29:716  0:000  Change to: 605
29:716  0:000  Table 133 is present, PlatformFeature=4F484B01
29:716  0:000  Change to: 1
29:716  0:000  === [ PatchACPI ] =========================================
29:716  0:000  RSDT 0x7CECC0C4
29:716  0:000  FADT from RSDT: 0x7CEEE000
29:716  0:000  XSDT 0x7CECC188
29:716  0:000  FADT from XSDT: 0x7CEEE000
29:716  0:000  Xsdt reallocation done
29:716  0:000  old FADT length=10C
29:717  0:000  Apply DsdtFixMask=0x00000000
29:717  0:000     drop _DSM mask=0xFFFF
29:717  0:000  === [ FixBiosDsdt ] =======================================
29:717  0:000  VideoCard devID=0x591B8086
29:717  0:000  DisplayADR1[0] = 0x20000, DisplayADR2[0] = 0xFFFE
29:717  0:000  USBADR[0] = 0x140000 and PCIe = 0xFFFE
29:719  0:001  Audio HDA (addr:0x1F0003) setting specified layout-id=3 (0x3)
29:719  0:000  Patching DSDT:
29:719  0:000   - [change OSID to XSID (to avoid match against _OSI XOSI patch)]: disabled
29:719  0:000   - [change _OSI to XOSI]: disabled
29:719  0:000   - [change _DSM to XDSM]: disabled
29:719  0:000   - [change EC0 to EC]: disabled
29:719  0:000   - [change H_EC to EC]: disabled
29:719  0:000   - [change ECDV to EC]: disabled
29:719  0:000   - [change HDAS to HDEF]: pattern 48444153, patched at: [ (278) (12) (12) (3ECC) (1C3D) (84) (D) (2B) (32) (4F) (6F) (C3) (FA73) ]
29:719  0:000   - [change HECI to IMEI]: pattern 48454349, patched at: [ (F64F) ]
29:719  0:000   - [change MEI to IMEI]: pattern 4D45495F, bin not found / already patched!
29:719  0:000   - [change GFX0 to IGPU]: pattern 47465830, patched at: [ (51) (E) (12) (12) (12) (5E) (12) (12) (3CD) (39) (12) (29A8) (E30E) (13) (3E) (20) (48) (4A) (2D8D) (1D) (1436) (31E) (14) ]
29:719  0:000   - [change PCI0.VID to IGPU #1 (Thinkpad)]: pattern 50434930, bin not found / already patched!
29:719  0:000   - [change PCI0.VID to IGPU #2 (Thinkpad)]: pattern 5649445F, bin not found / already patched!
29:719  0:000  first CPU found at 13708 offset 1370D
29:719  0:000  device candidate at 11D60
29:719  0:000  device inserted in acpi_cpu_score GZFD
29:719  0:000  score candidate at 11D5C
29:719  0:000  score inserted in acpi_cpu_score _SB_GZFD
29:719  0:000  Invalid character found in ProcessorOP 0x40!
29:719  0:000  first CPU found at 14FED offset 14FF0
29:719  0:000  score inserted in acpi_cpu_score _[ƒ_SB_GZFD
29:719  0:000  Found ACPI CPU: CPU0 | CPU1 | CPU2 | CPU3 | CPU4 | CPU5 | CPU6 | CPU7 , within the score: _[ƒ_SB_GZFD
29:720  0:000  Found PCIROOTUID = 0
29:720  0:000  === [ ACPIDropTables ] ====================================
29:720  0:000  Drop tables from Xsdt, SIGN=DMAR TableID=CB-01    Length=168
29:720  0:000   Xsdt has tables count=29
29:720  0:000   Table: DMAR  CB-01     168 dropped
29:720  0:000  === [ PatchAllSSDT ] ======================================
29:720  0:000  Patch table: SSDT  CB-01    len=0x4C8
29:720  0:000  0. [change OSID to XSID (to avoid match against _OSI XOSI patch)]: disabled
29:720  0:000  1. [change _OSI to XOSI]: disabled
29:720  0:000  2. [change _DSM to XDSM]: disabled
29:720  0:000  3. [change EC0 to EC]: disabled
29:720  0:000  4. [change H_EC to EC]: disabled
29:720  0:000  5. [change ECDV to EC]: disabled
29:720  0:000  6. [change HDAS to HDEF]: pattern 48444153, bin not found / already patched!
29:720  0:000  7. [change HECI to IMEI]: pattern 48454349, bin not found / already patched!
29:720  0:000  8. [change MEI to IMEI]: pattern 4D45495F, bin not found / already patched!
29:720  0:000  9. [change GFX0 to IGPU]: pattern 47465830, bin not found / already patched!
29:720  0:000  10. [change PCI0.VID to IGPU #1 (Thinkpad)]: pattern 50434930, bin not found / already patched!
29:720  0:000  11. [change PCI0.VID to IGPU #2 (Thinkpad)]: pattern 5649445F, bin not found / already patched!
29:720  0:000  Patch table: SSDT  CB-01    len=0x46
29:720  0:000  0. [change OSID to XSID (to avoid match against _OSI XOSI patch)]: disabled
29:720  0:000  1. [change _OSI to XOSI]: disabled
29:720  0:000  2. [change _DSM to XDSM]: disabled
29:720  0:000  3. [change EC0 to EC]: disabled
29:720  0:000  4. [change H_EC to EC]: disabled
29:720  0:000  5. [change ECDV to EC]: disabled
29:720  0:000  6. [change HDAS to HDEF]: pattern 48444153, bin not found / already patched!
29:720  0:000  7. [change HECI to IMEI]: pattern 48454349, bin not found / already patched!
29:720  0:000  8. [change MEI to IMEI]: pattern 4D45495F, bin not found / already patched!
29:720  0:000  9. [change GFX0 to IGPU]: pattern 47465830, bin not found / already patched!
29:720  0:000  10. [change PCI0.VID to IGPU #1 (Thinkpad)]: pattern 50434930, bin not found / already patched!
29:720  0:000  11. [change PCI0.VID to IGPU #2 (Thinkpad)]: pattern 5649445F, bin not found / already patched!
29:720  0:000  Patch table: SSDT  CB-01    len=0x30A0
29:720  0:000  0. [change OSID to XSID (to avoid match against _OSI XOSI patch)]: disabled
29:720  0:000  1. [change _OSI to XOSI]: disabled
29:720  0:000  2. [change _DSM to XDSM]: disabled
29:720  0:000  3. [change EC0 to EC]: disabled
29:720  0:000  4. [change H_EC to EC]: disabled
29:720  0:000  5. [change ECDV to EC]: disabled
29:720  0:000  6. [change HDAS to HDEF]: pattern 48444153, bin not found / already patched!
29:720  0:000  7. [change HECI to IMEI]: pattern 48454349, bin not found / already patched!
29:720  0:000  8. [change MEI to IMEI]: pattern 4D45495F, bin not found / already patched!
29:720  0:000  9. [change GFX0 to IGPU]: pattern 47465830, patched at: [ (2D) (20) (46) (25A) (1C8A) (A3A) (1D) ]
29:720  0:000  10. [change PCI0.VID to IGPU #1 (Thinkpad)]: pattern 50434930, bin not found / already patched!
29:720  0:000  11. [change PCI0.VID to IGPU #2 (Thinkpad)]: pattern 5649445F, bin not found / already patched!
29:720  0:000  Patch table: SSDT  CB-01    len=0x29F
29:720  0:000  0. [change OSID to XSID (to avoid match against _OSI XOSI patch)]: disabled
29:720  0:000  1. [change _OSI to XOSI]: disabled
29:720  0:000  2. [change _DSM to XDSM]: disabled
29:720  0:000  3. [change EC0 to EC]: disabled
29:720  0:000  4. [change H_EC to EC]: disabled
29:720  0:000  5. [change ECDV to EC]: disabled
29:720  0:000  6. [change HDAS to HDEF]: pattern 48444153, bin not found / already patched!
29:720  0:000  7. [change HECI to IMEI]: pattern 48454349, bin not found / already patched!
29:720  0:000  8. [change MEI to IMEI]: pattern 4D45495F, bin not found / already patched!
29:720  0:000  9. [change GFX0 to IGPU]: pattern 47465830, bin not found / already patched!
29:720  0:000  10. [change PCI0.VID to IGPU #1 (Thinkpad)]: pattern 50434930, bin not found / already patched!
29:720  0:000  11. [change PCI0.VID to IGPU #2 (Thinkpad)]: pattern 5649445F, bin not found / already patched!
29:720  0:000  Patch table: SSDT  CB-01    len=0x346
29:720  0:000  0. [change OSID to XSID (to avoid match against _OSI XOSI patch)]: disabled
29:720  0:000  1. [change _OSI to XOSI]: disabled
29:720  0:000  2. [change _DSM to XDSM]: disabled
29:720  0:000  3. [change EC0 to EC]: disabled
29:720  0:000  4. [change H_EC to EC]: disabled
29:720  0:000  5. [change ECDV to EC]: disabled
29:720  0:000  6. [change HDAS to HDEF]: pattern 48444153, bin not found / already patched!
29:720  0:000  7. [change HECI to IMEI]: pattern 48454349, bin not found / already patched!
29:720  0:000  8. [change MEI to IMEI]: pattern 4D45495F, bin not found / already patched!
29:720  0:000  9. [change GFX0 to IGPU]: pattern 47465830, bin not found / already patched!
29:720  0:000  10. [change PCI0.VID to IGPU #1 (Thinkpad)]: pattern 50434930, bin not found / already patched!
29:720  0:000  11. [change PCI0.VID to IGPU #2 (Thinkpad)]: pattern 5649445F, bin not found / already patched!
29:720  0:000  Patch table: SSDT  CB-01    len=0x3002
29:720  0:000  0. [change OSID to XSID (to avoid match against _OSI XOSI patch)]: disabled
29:720  0:000  1. [change _OSI to XOSI]: disabled
29:720  0:000  2. [change _DSM to XDSM]: disabled
29:720  0:000  3. [change EC0 to EC]: disabled
29:720  0:000  4. [change H_EC to EC]: disabled
29:720  0:000  5. [change ECDV to EC]: disabled
29:720  0:000  6. [change HDAS to HDEF]: pattern 48444153, bin not found / already patched!
29:720  0:000  7. [change HECI to IMEI]: pattern 48454349, bin not found / already patched!
29:720  0:000  8. [change MEI to IMEI]: pattern 4D45495F, bin not found / already patched!
29:720  0:000  9. [change GFX0 to IGPU]: pattern 47465830, bin not found / already patched!
29:720  0:000  10. [change PCI0.VID to IGPU #1 (Thinkpad)]: pattern 50434930, bin not found / already patched!
29:720  0:000  11. [change PCI0.VID to IGPU #2 (Thinkpad)]: pattern 5649445F, bin not found / already patched!
29:720  0:000  Patch table: SSDT  CB-01    len=0x51E
29:720  0:000  0. [change OSID to XSID (to avoid match against _OSI XOSI patch)]: disabled
29:720  0:000  1. [change _OSI to XOSI]: disabled
29:720  0:000  2. [change _DSM to XDSM]: disabled
29:720  0:000  3. [change EC0 to EC]: disabled
29:720  0:000  4. [change H_EC to EC]: disabled
29:720  0:000  5. [change ECDV to EC]: disabled
29:720  0:000  6. [change HDAS to HDEF]: pattern 48444153, bin not found / already patched!
29:720  0:000  7. [change HECI to IMEI]: pattern 48454349, bin not found / already patched!
29:720  0:000  8. [change MEI to IMEI]: pattern 4D45495F, bin not found / already patched!
29:720  0:000  9. [change GFX0 to IGPU]: pattern 47465830, bin not found / already patched!
29:720  0:000  10. [change PCI0.VID to IGPU #1 (Thinkpad)]: pattern 50434930, bin not found / already patched!
29:720  0:000  11. [change PCI0.VID to IGPU #2 (Thinkpad)]: pattern 5649445F, bin not found / already patched!
29:720  0:000  Patch table: SSDT  CB-01    len=0x2AF
29:720  0:000  0. [change OSID to XSID (to avoid match against _OSI XOSI patch)]: disabled
29:720  0:000  1. [change _OSI to XOSI]: disabled
29:720  0:000  2. [change _DSM to XDSM]: disabled
29:720  0:000  3. [change EC0 to EC]: disabled
29:720  0:000  4. [change H_EC to EC]: disabled
29:720  0:000  5. [change ECDV to EC]: disabled
29:720  0:000  6. [change HDAS to HDEF]: pattern 48444153, bin not found / already patched!
29:720  0:000  7. [change HECI to IMEI]: pattern 48454349, bin not found / already patched!
29:720  0:000  8. [change MEI to IMEI]: pattern 4D45495F, bin not found / already patched!
29:720  0:000  9. [change GFX0 to IGPU]: pattern 47465830, bin not found / already patched!
29:720  0:000  10. [change PCI0.VID to IGPU #1 (Thinkpad)]: pattern 50434930, bin not found / already patched!
29:720  0:000  11. [change PCI0.VID to IGPU #2 (Thinkpad)]: pattern 5649445F, bin not found / already patched!
29:720  0:000  Patch table: SSDT  CB-01    len=0xEDE
29:720  0:000  0. [change OSID to XSID (to avoid match against _OSI XOSI patch)]: disabled
29:720  0:000  1. [change _OSI to XOSI]: disabled
29:720  0:000  2. [change _DSM to XDSM]: disabled
29:720  0:000  3. [change EC0 to EC]: disabled
29:720  0:000  4. [change H_EC to EC]: disabled
29:720  0:000  5. [change ECDV to EC]: disabled
29:720  0:000  6. [change HDAS to HDEF]: pattern 48444153, bin not found / already patched!
29:720  0:000  7. [change HECI to IMEI]: pattern 48454349, bin not found / already patched!
29:720  0:000  8. [change MEI to IMEI]: pattern 4D45495F, bin not found / already patched!
29:720  0:000  9. [change GFX0 to IGPU]: pattern 47465830, bin not found / already patched!
29:720  0:000  10. [change PCI0.VID to IGPU #1 (Thinkpad)]: pattern 50434930, bin not found / already patched!
29:720  0:000  11. [change PCI0.VID to IGPU #2 (Thinkpad)]: pattern 5649445F, bin not found / already patched!
29:720  0:000  Patch table: SSDT  CB-01    len=0x497E
29:720  0:000  0. [change OSID to XSID (to avoid match against _OSI XOSI patch)]: disabled
29:720  0:000  1. [change _OSI to XOSI]: disabled
29:720  0:000  2. [change _DSM to XDSM]: disabled
29:720  0:000  3. [change EC0 to EC]: disabled
29:720  0:000  4. [change H_EC to EC]: disabled
29:720  0:000  5. [change ECDV to EC]: disabled
29:720  0:000  6. [change HDAS to HDEF]: pattern 48444153, bin not found / already patched!
29:720  0:000  7. [change HECI to IMEI]: pattern 48454349, bin not found / already patched!
29:720  0:000  8. [change MEI to IMEI]: pattern 4D45495F, bin not found / already patched!
29:720  0:000  9. [change GFX0 to IGPU]: pattern 47465830, patched at: [ (55) (28) (12) (12) (12) (12) (12) (12) (12) (12) (12) (12) (12) (12) (12) (12) (12) (12) (450) (50) (16B4) (61B) (D60) (13) (28) (27) (13) (28) (27) (13) (28) (27) (13) (28) (27) (13) (28) (27) (13) (28) (27) (13) (28) (27) (13) (28) (27) (13) (28) (27) (13) (28) (27) (13) (28) (27) (13) (28) (27) (13) (28) (27) (13) (28) (27) (13) (28) (27) (13) (28) (1071) ]
29:721  0:000  10. [change PCI0.VID to IGPU #1 (Thinkpad)]: pattern 50434930, bin not found / already patched!
29:721  0:000  11. [change PCI0.VID to IGPU #2 (Thinkpad)]: pattern 5649445F, bin not found / already patched!
29:721  0:000  Drop tables from Xsdt, SIGN=XXXX TableID= Length=0
29:721  0:000   Xsdt has tables count=28
29:721  0:000  === [ ACPIPatchedAML ] ====================================
29:721  0:000  Sorted
29:721  0:000  Inserting table[0]:SSDT-Disable-DGPU.aml from EFI\CLOVER\ACPI\patched ... Success
29:721  0:000  CPUBase=0 and ApicCPUBase=1 ApicCPUNum=8
29:721  0:000  === [ RestSetup macOS ] ===================================
29:721  0:000  EdidDiscovered size=128
29:721  0:000  ------- EDID Table
29:721  0:000  000  |  00  FF  FF  FF  FF  FF  FF  00  30  E4
29:721  0:000  010  |  33  05  00  00  00  00  00  1A  01  04
29:721  0:000  020  |  95  22  13  78  EA  A1  C5  94  59  57
29:721  0:000  030  |  8F  27  20  50  54  00  00  00  01  01
29:721  0:000  040  |  01  01  01  01  01  01  01  01  01  01
29:721  0:000  050  |  01  01  01  01  2E  36  80  A0  70  38
29:721  0:000  060  |  1F  40  30  20  35  00  58  C2  10  00
29:721  0:000  070  |  00  1A  00  00  00  00  00  00  00  00
29:721  0:000  080  |  00  00  00  00  00  00  00  00  00  00
29:721  0:000  090  |  00  00  00  FE  00  4C  47  20  44  69
29:721  0:000  100  |  73  70  6C  61  79  0A  20  20  00  00
29:721  0:000  110  |  00  FE  00  4C  50  31  35  36  57  46
29:721  0:000  120  |  36  2D  53  50  4B  33  00  BF
29:721  0:000  Intel HD Graphics 630 [8086:591B] :: PciRoot(0x0)\Pci(0x2,0x0)
29:721  0:000    Found Full HD Display - 16:9 :: Width=1920 Height=1080
29:721  0:000    Beginning DualLink auto-detection
29:721  0:000    High Resolution Display
29:721  0:000    AAPL00,DualLink = 1
29:721  0:000    FakeID Intel GFX: not set
29:721  0:000    ig-platform-id = 0x59160000
29:721  0:000    Beginning Intel GFX auto-detection with ACPI injection
29:721  0:000    Found FakeID Intel GFX = 0x591B8086
29:721  0:000  Intel GFX revision  = 0x4
29:721  0:000   RCBA disabled; cannot use it
29:721  0:000   setting specified layout-id=3 (0x3)
29:721  0:000  stringlength = 1832
29:721  0:000  CurrentMode: Width=1920 Height=1080
29:721  0:000  Beginning FSInjection
FSInjectionInstall ...
- Our FSI_SIMPLE_FILE_SYSTEM_PROTOCOL installed on handle: 6A987A58
FSInjectionInstall ...
- Our FSI_SIMPLE_FILE_SYSTEM_PROTOCOL installed on handle: 6A987A58
29:722  0:000  Use origin smbios table type 1 guid.
29:722  0:000    Force kext: System\Library\Extensions\IONetworkingFamily.kext
29:726  0:003      Force PlugIn kext: System\Library\Extensions\IONetworkingFamily.kext\Contents\PlugIns\AppleBCM5701Ethernet.kext
29:729  0:003      Force PlugIn kext: System\Library\Extensions\IONetworkingFamily.kext\Contents\PlugIns\AppleEthernetAquantiaAqtion.kext
29:732  0:002      Force PlugIn kext: System\Library\Extensions\IONetworkingFamily.kext\Contents\PlugIns\AppleEthernetAquantiaAqtionFirmware.kext
29:736  0:003      Force PlugIn kext: System\Library\Extensions\IONetworkingFamily.kext\Contents\PlugIns\AppleIntel8254XEthernet.kext
29:739  0:002      Force PlugIn kext: System\Library\Extensions\IONetworkingFamily.kext\Contents\PlugIns\AppleIntelI210Ethernet.kext
29:742  0:002      Force PlugIn kext: System\Library\Extensions\IONetworkingFamily.kext\Contents\PlugIns\AppleVmxnet3Ethernet.kext
29:744  0:002      Force PlugIn kext: System\Library\Extensions\IONetworkingFamily.kext\Contents\PlugIns\AppleYukon2.kext
29:752  0:007      Force PlugIn kext: System\Library\Extensions\IONetworkingFamily.kext\Contents\PlugIns\Intel82574L.kext
29:755  0:002      Force PlugIn kext: System\Library\Extensions\IONetworkingFamily.kext\Contents\PlugIns\IOEthernetAVBController.kext
29:758  0:002      Force PlugIn kext: System\Library\Extensions\IONetworkingFamily.kext\Contents\PlugIns\mDNSOffloadUserClient.kext
29:760  0:002      Force PlugIn kext: System\Library\Extensions\IONetworkingFamily.kext\Contents\PlugIns\nvenet.kext
29:764  0:003  Preparing kexts injection for arch=x86_64 from EFI\CLOVER\kexts\Other
29:764  0:000  Extra kext: EFI\CLOVER\kexts\Other\VoodooPS2Controller.kext
29:767  0:003    |-- PlugIn kext: EFI\CLOVER\kexts\Other\VoodooPS2Controller.kext\Contents\PlugIns\VoodooPS2Trackpad.kext
29:777  0:009    |-- PlugIn kext: EFI\CLOVER\kexts\Other\VoodooPS2Controller.kext\Contents\PlugIns\VoodooPS2Mouse.kext
29:780  0:003    |-- PlugIn kext: EFI\CLOVER\kexts\Other\VoodooPS2Controller.kext\Contents\PlugIns\VoodooPS2Keyboard.kext
29:802  0:021  Extra kext: EFI\CLOVER\kexts\Other\USBInjectAll.kext
30:048  0:246  Extra kext: EFI\CLOVER\kexts\Other\SATA-100-series-unsupported.kext
30:052  0:003  Extra kext: EFI\CLOVER\kexts\Other\RealtekRTL8111.kext
30:061  0:008  Extra kext: EFI\CLOVER\kexts\Other\Lilu.kext
30:067  0:006  Extra kext: EFI\CLOVER\kexts\Other\IntelMausiEthernet.kext
30:075  0:007  Extra kext: EFI\CLOVER\kexts\Other\IntelGraphicsFixup.kext
30:080  0:005  Extra kext: EFI\CLOVER\kexts\Other\IntelGraphicsDVMTFixup.kext
30:086  0:005  Extra kext: EFI\CLOVER\kexts\Other\GenericUSBXHCI.kext
30:095  0:008  Extra kext: EFI\CLOVER\kexts\Other\FakeSMC.kext
30:111  0:016    |-- PlugIn kext: EFI\CLOVER\kexts\Other\FakeSMC.kext\Contents\PlugIns\LPCSensors.kext
30:192  0:081    |-- PlugIn kext: EFI\CLOVER\kexts\Other\FakeSMC.kext\Contents\PlugIns\GPUSensors.kext
30:204  0:012    |-- PlugIn kext: EFI\CLOVER\kexts\Other\FakeSMC.kext\Contents\PlugIns\CPUSensors.kext
30:212  0:007    |-- PlugIn kext: EFI\CLOVER\kexts\Other\FakeSMC.kext\Contents\PlugIns\ACPISensors.kext
30:229  0:016  Extra kext: EFI\CLOVER\kexts\Other\FakePCIID_XHCIMux.kext
30:240  0:011  Extra kext: EFI\CLOVER\kexts\Other\FakePCIID_Intel_HD_Graphics.kext
30:251  0:011  Extra kext: EFI\CLOVER\kexts\Other\FakePCIID_Intel_GbX.kext
30:257  0:005  Extra kext: EFI\CLOVER\kexts\Other\FakePCIID_Broadcom_WiFi.kext
30:267  0:010  Extra kext: EFI\CLOVER\kexts\Other\FakePCIID.kext
30:273  0:005  Extra kext: EFI\CLOVER\kexts\Other\BrcmPatchRAM2.kext
30:371  0:098  Extra kext: EFI\CLOVER\kexts\Other\BrcmFirmwareData.kext
30:383  0:011  Extra kext: EFI\CLOVER\kexts\Other\AirportBrcmFixup.kext
30:394  0:010  Extra kext: EFI\CLOVER\kexts\Other\ACPIBatteryManager.kext
30:412  0:018  SetStartupDiskVolume:
30:412  0:000    * Volume: 'macOS'
30:412  0:000    * LoaderPath: '<null string>'
30:412  0:000    * DevPath: macOS
30:412  0:000    * GUID = B57B39BD-03AB-4DBC-4025-0016CE7FD41C
30:412  0:000    * efi-boot-device: <array><dict><key>IOMatch</key><dict><key>IOProviderClass</key><string>IOMedia</string><key>IOPropertyMatch</key><dict><key>UUID</key><string>B57B39BD-03AB-4DBC-4025-0016CE7FD41C</string></dict></dict></dict></array>
30:412  0:000  Custom boot is using apple logo
30:465  0:052  Custom boot lock
30:465  0:000  Custom boot framebuffer 0xB0000000 0x7E9000
30:465  0:000  Custom boot GOP: 0x7A146640 @0xB07E9000 0x300000 1024(1024)x768
30:465  0:000  Custom boot framebuffer 0xB0000000 0x7E9000
30:465  0:000  Custom boot GOP: 0x6B4A4B30 @0xB07E9000 0x300000 1024(1024)x768
30:465  0:000  Closing log
